  api.cpp
D:\Studium\FEI_C++\semestralka\JsonLibrary\JsonLibrary\api.h(41,45): error C2061: синтаксическая ошибка: идентификатор "Value"
D:\Studium\FEI_C++\semestralka\JsonLibrary\JsonLibrary\api.h(46,7): error C2143: синтаксическая ошибка: отсутствие ";" перед "*"
D:\Studium\FEI_C++\semestralka\JsonLibrary\JsonLibrary\api.h(46,7): error C4430: отсутствует спецификатор типа - предполагается int. Примечание. C++ не поддерживает int по умолчанию
D:\Studium\FEI_C++\semestralka\JsonLibrary\JsonLibrary\api.h(46,25): error C2238: непредвиденные лексемы перед ";"
D:\Studium\FEI_C++\semestralka\JsonLibrary\JsonLibrary\api.h(49,7): error C2143: синтаксическая ошибка: отсутствие ";" перед "*"
D:\Studium\FEI_C++\semestralka\JsonLibrary\JsonLibrary\api.h(49,7): error C4430: отсутствует спецификатор типа - предполагается int. Примечание. C++ не поддерживает int по умолчанию
D:\Studium\FEI_C++\semestralka\JsonLibrary\JsonLibrary\api.h(49,14): error C2238: непредвиденные лексемы перед ";"
D:\Studium\FEI_C++\semestralka\JsonLibrary\JsonLibrary\api.cpp(6,59): error C2511: KeyValuePair::KeyValuePair(std::string,Value *): перегруженная функция-член не найдена в "KeyValuePair"
D:\Studium\FEI_C++\semestralka\JsonLibrary\JsonLibrary\api.h(39): message : см. объявление "KeyValuePair"
D:\Studium\FEI_C++\semestralka\JsonLibrary\JsonLibrary\api.cpp(7,1): error C2550: KeyValuePair::{ctor}: список инициализации конструктора должен использоваться только в месте определения конструктора
D:\Studium\FEI_C++\semestralka\JsonLibrary\JsonLibrary\api.cpp(15,22): error C2039: getValue: не является членом "KeyValuePair"
D:\Studium\FEI_C++\semestralka\JsonLibrary\JsonLibrary\api.h(39): message : см. объявление "KeyValuePair"
D:\Studium\FEI_C++\semestralka\JsonLibrary\JsonLibrary\api.cpp(16,1): error C2270: getValue: модификаторы недопустимы для функций, не являющихся членами
D:\Studium\FEI_C++\semestralka\JsonLibrary\JsonLibrary\api.cpp(17,9): error C2065: value: необъявленный идентификатор
D:\Studium\FEI_C++\semestralka\JsonLibrary\JsonLibrary\api.cpp(104,2): error C3861: _deserealize: идентификатор не найден
D:\Studium\FEI_C++\semestralka\JsonLibrary\JsonLibrary\api.cpp(109,2): error C3861: skipWhiteSpace: идентификатор не найден
D:\Studium\FEI_C++\semestralka\JsonLibrary\JsonLibrary\api.cpp(112,23): error C3861: parseObject: идентификатор не найден
D:\Studium\FEI_C++\semestralka\JsonLibrary\JsonLibrary\api.cpp(113,28): error C3861: parseArray: идентификатор не найден
D:\Studium\FEI_C++\semestralka\JsonLibrary\JsonLibrary\api.cpp(114,29): error C3861: parseString: идентификатор не найден
D:\Studium\FEI_C++\semestralka\JsonLibrary\JsonLibrary\api.cpp(115,29): error C3861: parseString: идентификатор не найден
D:\Studium\FEI_C++\semestralka\JsonLibrary\JsonLibrary\api.cpp(116,59): error C3861: parseNumber: идентификатор не найден
D:\Studium\FEI_C++\semestralka\JsonLibrary\JsonLibrary\api.cpp(117,28): error C3861: parseLiteral: идентификатор не найден
D:\Studium\FEI_C++\semestralka\JsonLibrary\JsonLibrary\api.cpp(118,28): error C3861: parseLiteral: идентификатор не найден
D:\Studium\FEI_C++\semestralka\JsonLibrary\JsonLibrary\api.cpp(119,28): error C3861: parseLiteral: идентификатор не найден
D:\Studium\FEI_C++\semestralka\JsonLibrary\JsonLibrary\api.cpp(129,3): error C3861: skipWhiteSpace: идентификатор не найден
D:\Studium\FEI_C++\semestralka\JsonLibrary\JsonLibrary\api.cpp(133,3): error C3861: skipWhiteSpace: идентификатор не найден
D:\Studium\FEI_C++\semestralka\JsonLibrary\JsonLibrary\api.cpp(135,3): error C3861: skipWhiteSpace: идентификатор не найден
D:\Studium\FEI_C++\semestralka\JsonLibrary\JsonLibrary\api.cpp(136,72): error C2440: <function-style-cast>: невозможно преобразовать "initializer list" в "KeyValuePair"
D:\Studium\FEI_C++\semestralka\JsonLibrary\JsonLibrary\api.cpp(136,72): message : Ни один конструктор не смог принять исходный тип, либо разрешение перегрузки конструктора неоднозначно
D:\Studium\FEI_C++\semestralka\JsonLibrary\JsonLibrary\api.cpp(140,4): error C3861: skipWhiteSpace: идентификатор не найден
D:\Studium\FEI_C++\semestralka\JsonLibrary\JsonLibrary\api.cpp(154,2): error C3861: skipWhiteSpace: идентификатор не найден
D:\Studium\FEI_C++\semestralka\JsonLibrary\JsonLibrary\api.cpp(164,3): error C3861: skipWhiteSpace: идентификатор не найден
D:\Studium\FEI_C++\semestralka\JsonLibrary\JsonLibrary\api.cpp(168,4): error C3861: skipWhiteSpace: идентификатор не найден
D:\Studium\FEI_C++\semestralka\JsonLibrary\JsonLibrary\api.cpp(235,45): error C3861: isWhiteSpace: идентификатор не найден
