d:\studium\fei_c++\semestralniprace_hrychanok\jsonlibrary\x64\debug\jsonlibrary.pch
d:\studium\fei_c++\semestralniprace_hrychanok\jsonlibrary\x64\debug\vc142.pdb
d:\studium\fei_c++\semestralniprace_hrychanok\jsonlibrary\x64\debug\vc142.idb
d:\studium\fei_c++\semestralniprace_hrychanok\jsonlibrary\x64\debug\pch.obj
d:\studium\fei_c++\semestralniprace_hrychanok\jsonlibrary\x64\debug\parser.obj
d:\studium\fei_c++\semestralniprace_hrychanok\jsonlibrary\x64\debug\dllmain.obj
d:\studium\fei_c++\semestralniprace_hrychanok\jsonlibrary\x64\debug\api.obj
d:\studium\fei_c++\semestralniprace_hrychanok\x64\debug\jsonlibrary.lib
d:\studium\fei_c++\semestralniprace_hrychanok\x64\debug\jsonlibrary.exp
d:\studium\fei_c++\semestralniprace_hrychanok\x64\debug\jsonlibrary.ilk
d:\studium\fei_c++\semestralniprace_hrychanok\x64\debug\jsonlibrary.dll
d:\studium\fei_c++\semestralniprace_hrychanok\x64\debug\jsonlibrary.pdb
d:\studium\fei_c++\gitlocal\cpp\semestralniprace_hrychanok\jsonlibrary\x64\debug\api.obj
d:\studium\fei_c++\gitlocal\cpp\semestralniprace_hrychanok\jsonlibrary\x64\debug\dllmain.obj
d:\studium\fei_c++\gitlocal\cpp\semestralniprace_hrychanok\jsonlibrary\x64\debug\parser.obj
d:\studium\fei_c++\gitlocal\cpp\semestralniprace_hrychanok\jsonlibrary\x64\debug\pch.obj
d:\studium\fei_c++\gitlocal\cpp\semestralniprace_hrychanok\jsonlibrary\x64\debug\jsonlibrary.pch
d:\studium\fei_c++\gitlocal\cpp\semestralniprace_hrychanok\jsonlibrary\x64\debug\vc142.idb
d:\studium\fei_c++\gitlocal\cpp\semestralniprace_hrychanok\jsonlibrary\x64\debug\vc142.pdb
d:\studium\fei_c++\gitlocal\cpp\semestralniprace_hrychanok\x64\debug\jsonlibrary.pdb
d:\studium\fei_c++\gitlocal\cpp\semestralniprace_hrychanok\x64\debug\jsonlibrary.dll
d:\studium\fei_c++\gitlocal\cpp\semestralniprace_hrychanok\x64\debug\jsonlibrary.ilk
d:\studium\fei_c++\gitlocal\cpp\semestralniprace_hrychanok\jsonlibrary\x64\debug\jsonlibrary.tlog\cl.command.1.tlog
d:\studium\fei_c++\gitlocal\cpp\semestralniprace_hrychanok\jsonlibrary\x64\debug\jsonlibrary.tlog\cl.read.1.tlog
d:\studium\fei_c++\gitlocal\cpp\semestralniprace_hrychanok\jsonlibrary\x64\debug\jsonlibrary.tlog\cl.write.1.tlog
d:\studium\fei_c++\gitlocal\cpp\semestralniprace_hrychanok\jsonlibrary\x64\debug\jsonlibrary.tlog\jsonlibrary.write.1u.tlog
d:\studium\fei_c++\gitlocal\cpp\semestralniprace_hrychanok\jsonlibrary\x64\debug\jsonlibrary.tlog\link.command.1.tlog
d:\studium\fei_c++\gitlocal\cpp\semestralniprace_hrychanok\jsonlibrary\x64\debug\jsonlibrary.tlog\link.read.1.tlog
d:\studium\fei_c++\gitlocal\cpp\semestralniprace_hrychanok\jsonlibrary\x64\debug\jsonlibrary.tlog\link.write.1.tlog
