d:\studium\fei_c++\semestralniprace_hrychanok\jsonclient\x64\debug\vc142.pdb
d:\studium\fei_c++\semestralniprace_hrychanok\jsonclient\x64\debug\vc142.idb
d:\studium\fei_c++\semestralniprace_hrychanok\jsonclient\x64\debug\student.obj
d:\studium\fei_c++\semestralniprace_hrychanok\jsonclient\x64\debug\jsonclient.obj
d:\studium\fei_c++\semestralniprace_hrychanok\jsonclient\x64\debug\evidencestudentu.obj
d:\studium\fei_c++\semestralniprace_hrychanok\x64\debug\jsonclient.exe
d:\studium\fei_c++\semestralniprace_hrychanok\x64\debug\jsonclient.ilk
d:\studium\fei_c++\semestralniprace_hrychanok\x64\debug\jsonclient.pdb
d:\studium\fei_c++\gitlocal\cpp\semestralniprace_hrychanok\jsonclient\x64\debug\evidencestudentu.obj
d:\studium\fei_c++\gitlocal\cpp\semestralniprace_hrychanok\jsonclient\x64\debug\jsonclient.obj
d:\studium\fei_c++\gitlocal\cpp\semestralniprace_hrychanok\jsonclient\x64\debug\student.obj
d:\studium\fei_c++\gitlocal\cpp\semestralniprace_hrychanok\jsonclient\x64\debug\student.obj.enc
d:\studium\fei_c++\gitlocal\cpp\semestralniprace_hrychanok\jsonclient\x64\debug\vc142.idb
d:\studium\fei_c++\gitlocal\cpp\semestralniprace_hrychanok\jsonclient\x64\debug\vc142.pdb
d:\studium\fei_c++\gitlocal\cpp\semestralniprace_hrychanok\x64\debug\jsonclient.pdb
d:\studium\fei_c++\gitlocal\cpp\semestralniprace_hrychanok\x64\debug\jsonclient.exe
d:\studium\fei_c++\gitlocal\cpp\semestralniprace_hrychanok\x64\debug\jsonclient.ilk
d:\studium\fei_c++\gitlocal\cpp\semestralniprace_hrychanok\jsonclient\x64\debug\jsonclient.tlog\cl.command.1.tlog
d:\studium\fei_c++\gitlocal\cpp\semestralniprace_hrychanok\jsonclient\x64\debug\jsonclient.tlog\cl.read.1.tlog
d:\studium\fei_c++\gitlocal\cpp\semestralniprace_hrychanok\jsonclient\x64\debug\jsonclient.tlog\cl.write.1.tlog
d:\studium\fei_c++\gitlocal\cpp\semestralniprace_hrychanok\jsonclient\x64\debug\jsonclient.tlog\link.command.1.tlog
d:\studium\fei_c++\gitlocal\cpp\semestralniprace_hrychanok\jsonclient\x64\debug\jsonclient.tlog\link.read.1.tlog
d:\studium\fei_c++\gitlocal\cpp\semestralniprace_hrychanok\jsonclient\x64\debug\jsonclient.tlog\link.write.1.tlog
